##############################################################################
#                                                                            #
# IAR AT90S C-Compiler V1.30A/WIN                                            #
#                                                                            #
#       Internal versions FE4.40D CO1.10K CG1.30A GL1.06I CD1.04A            #
#                         AF1.25A AB1.30A EB1.30A                            #
#                                                                            #
#       Compile time  =  21/Jan/1999  11:30:52                               #
#       Target option =  Max 64 KB data +   8 KB code (8515 4414...)         #
#       Memory model  =  small                                               #
#       Source file   =  c:\projects\at17c8515\main.c                        #
#       List file     =  c:\projects\at17c8515\release\list\main.lst         #
#       Object file   =  c:\projects\at17c8515\release\obj\main.r90          #
#       Command line  =  -v1 -ms -OC:\Projects\at17c8515\Release\Obj\ -e     #
#                        -gA -RCODE -LC:\Projects\at17c8515\Release\List\    #
#                        -t8 -IC:\IAR\EW21\A90\inc\ -z9 -K                   #
#                        C:\Projects\at17c8515\Main.c                        #
#                                                                            #
#                                             (c) Copyright IAR Systems 1997 #
##############################################################################

      1            // main
      2            // use the atstk200 starter kit and external prototype board to program
      3            // an Atmel AT17C010 device. Leds on PORTC are used for visual status indicators
      4            // 4.7k ohm pull-up resistors are used on SDA and SCL
      5            
      6            #include "at17c.h"
      7            
      8            volatile unsigned char t0_timed_out;
      9            volatile unsigned char t1_timed_out;
     10            unsigned char wrbuf[PAGE_SIZE];
     11            unsigned char rdbuf[PAGE_SIZE];
     12            
     13            extern void WritePage(unsigned int address, unsigned char *bufptr);
     14            extern void ReadPage(unsigned int address, unsigned char *bufptr);
     15            void ProgramResetPolarity(unsigned char state);
     16            unsigned char VerifyResetPolarity(void);
     17            extern void Init(void);
     18            
     19            void C_task main(void) {
     20            
     21            unsigned int address = 0;
     22            unsigned char i;
     23            
     24                Init();
     25            
     26                _SEI(); // enable interrupts
     27            
     28                // init test buffer
     29                for (i = 0; i < PAGE_SIZE; i++)
     30                    wrbuf[i] = i;
     31            
     32                while (1) {
     33             
     34                    PORTC = 0x00; // leds off
     35             
     36                    for (address = 0; address < MAX_PAGES; address++) {
     37                        WritePage(address,&wrbuf[0]);
     38                        PORTC = address; // leds on
     39                        ReadPage(address,&rdbuf[0]);
     40                        
     41                        // verify programmed page
     42                        for (i = 0; i < PAGE_SIZE; i++) {
     43                            if (wrbuf[i] != rdbuf[i]) {
     44                                PORTC = 0xff; // leds on
     45                            }    
     46                        }
     47                        
     48                        ProgramResetPolarity(0);
     49                        if (VerifyResetPolarity()) {
     50                                PORTC = 0xaa;
     51                        }    
     52                      
     53                        ProgramResetPolarity(0xff);
     54                        if (!VerifyResetPolarity()) {
     55                                PORTC = 0x55;
     56                        }    
     57                        
     58                        // clear verify buf
     59                        for (i = 0; i < PAGE_SIZE; i++)
     60                            rdbuf[i] = 0; 
     61                    }    
     62                    
     63                } // while (1)
     64            
     65            } // main

Source file: c:\projects\at17c8515\main.c
Errors: none
Warnings: none
Code size: 160
Constant size: 0
Static variable size: 258

