##############################################################################
#                                                                            #
# IAR AT90S C-Compiler V1.30A/WIN                                            #
#                                                                            #
#       Internal versions FE4.40D CO1.10K CG1.30A GL1.06I CD1.04A            #
#                         AF1.25A AB1.30A EB1.30A                            #
#                                                                            #
#       Compile time  =  21/Jan/1999  11:30:53                               #
#       Target option =  Max 64 KB data +   8 KB code (8515 4414...)         #
#       Memory model  =  small                                               #
#       Source file   =  c:\projects\at17c8515\readpage.c                    #
#       List file     =  c:\projects\at17c8515\release\list\readpage.lst     #
#       Object file   =  c:\projects\at17c8515\release\obj\readpage.r90      #
#       Command line  =  -v1 -ms -OC:\Projects\at17c8515\Release\Obj\ -e     #
#                        -gA -RCODE -LC:\Projects\at17c8515\Release\List\    #
#                        -t8 -IC:\IAR\EW21\A90\inc\ -z9 -K                   #
#                        C:\Projects\at17c8515\ReadPage.c                    #
#                                                                            #
#                                             (c) Copyright IAR Systems 1997 #
##############################################################################

      1            // ReadPage.c
      2            // Read PAGE_SIZE bytes at address into bufptr
      3            // Starts reading at address 0 within the page
      4            // Please refer to the application note titled: 
      5            // "Programming Specification for Atmel's Configuration Memory E²PROMS AT17C65/128/256/512/010" 
      6            // found at www.atmel.com for detailed device address decoding and page address formatting
      7             
      8            #include "at17c.h"
      9             
     10            extern void BitDelay(void);
     11            extern unsigned char SendByte(unsigned char byte, unsigned char order);
     12            extern unsigned char GetByte(unsigned char lastbyte);
     13            extern void SendStartBit(void);
     14            extern void SendStopBit(void);
     15            
     16            void ReadPage(unsigned int address, unsigned char *bufptr) {
     17            
     18            unsigned char i;
     19            unsigned char addr1;
     20            unsigned char addr2;
     21            unsigned char addr3;
     22             
     23                PORTB &= 0xfb; // bring SER_EN low
     24                
     25                BitDelay();
     26                
     27                addr1 = (unsigned char)(address >> 9);
     28                addr2 = (unsigned char)(address >> 1);
     29                addr3 = (unsigned char)(address << 7);
     30                    
     31                SendStartBit();
     32                SendByte(AT17C010 + WRITE,MSB_FIRST);  // send device address byte
     33                SendByte(addr1,MSB_FIRST);                 // 1st address byte
     34                SendByte(addr2,MSB_FIRST);                 // 2nd address byte
     35                SendByte(addr3,MSB_FIRST);                 // 3rd address byte
     36             
     37                SendStartBit();
     38                SendByte(AT17C010 + READ,MSB_FIRST);  // send device address byte with read bit
     39             
     40                for (i = 0; i < (PAGE_SIZE - 1); i++)
     41                    bufptr[i] = GetByte(0);
     42                        
     43                bufptr[(PAGE_SIZE - 1)] = GetByte(1); // 1 signals last byte of read sequence
     44            
     45                SendStopBit();
     46            
     47                PORTB |= 0x04; // bring SER_EN high
     48                    
     49            }

Source file: c:\projects\at17c8515\readpage.c
Errors: none
Warnings: none
Code size: 116
Constant size: 0
Static variable size: 0

