##############################################################################
#                                                                            #
# IAR AT90S C-Compiler V1.30A/WIN                                            #
#                                                                            #
#       Internal versions FE4.40D CO1.10K CG1.30A GL1.06I CD1.04A            #
#                         AF1.25A AB1.30A EB1.30A                            #
#                                                                            #
#       Compile time  =  21/Jan/1999  11:30:54                               #
#       Target option =  Max 64 KB data +   8 KB code (8515 4414...)         #
#       Memory model  =  small                                               #
#       Source file   =  c:\projects\at17c8515\sendstartbit.c                #
#       List file     =  c:\projects\at17c8515\release\list\sendstartbit.lst #
#       Object file   =  c:\projects\at17c8515\release\obj\sendstartbit.r90  #
#       Command line  =  -v1 -ms -OC:\Projects\at17c8515\Release\Obj\ -e     #
#                        -gA -RCODE -LC:\Projects\at17c8515\Release\List\    #
#                        -t8 -IC:\IAR\EW21\A90\inc\ -z9 -K                   #
#                        C:\Projects\at17c8515\SendStartBit.c                #
#                                                                            #
#                                             (c) Copyright IAR Systems 1997 #
##############################################################################

      1            // SendStartBit.c
      2            // generates a start bit
      3            // start bit is a 1 to 0 transition on SDA while SCL is high
      4            /*
      5                     ____________
      6                    /
      7            SCL ___/
      8                
      9                __________
     10                          \
     11            SDA            \_____
     12            
     13            */
     14             
     15            #include "at17c.h"
     16             
     17            extern void WriteSCL(unsigned char state);
     18            extern void WriteSDA(unsigned char state);
     19            extern void BitDelay(void);
     20            extern unsigned char SetSCLHigh(void);
     21            
     22            void SendStartBit(void) {
     23                
     24                WriteSDA(1);
     25                BitDelay();
     26                SetSCLHigh();
     27                BitDelay();
     28                WriteSDA(0);
     29                BitDelay();
     30                WriteSCL(0);
     31                BitDelay();
     32            }

Source file: c:\projects\at17c8515\sendstartbit.c
Errors: none
Warnings: none
Code size: 24
Constant size: 0
Static variable size: 0

