##############################################################################
#                                                                            #
# IAR AT90S C-Compiler V1.30A/WIN                                            #
#                                                                            #
#       Internal versions FE4.40D CO1.10K CG1.30A GL1.06I CD1.04A            #
#                         AF1.25A AB1.30A EB1.30A                            #
#                                                                            #
#       Compile time  =  21/Jan/1999  11:30:55                               #
#       Target option =  Max 64 KB data +   8 KB code (8515 4414...)         #
#       Memory model  =  small                                               #
#       Source file   =  c:\projects\at17c8515\sendstopbit.c                 #
#       List file     =  c:\projects\at17c8515\release\list\sendstopbit.lst  #
#       Object file   =  c:\projects\at17c8515\release\obj\sendstopbit.r90   #
#       Command line  =  -v1 -ms -OC:\Projects\at17c8515\Release\Obj\ -e     #
#                        -gA -RCODE -LC:\Projects\at17c8515\Release\List\    #
#                        -t8 -IC:\IAR\EW21\A90\inc\ -z9 -K                   #
#                        C:\Projects\at17c8515\SendStopBit.c                 #
#                                                                            #
#                                             (c) Copyright IAR Systems 1997 #
##############################################################################

      1            // SendStopBit.c
      2            // generates a stop bit
      3            // assumes SCL is low
      4            // stop bit is a 0 to 1 transition on SDA while SCL is high
      5            /*
      6                     ____________
      7                    /
      8            SCL ___/
      9                
     10                           ______
     11                          /
     12            SDA _________/
     13            
     14            */
     15            
     16            #include "at17c.h"
     17             
     18            extern void WriteSCL(unsigned char state);
     19            extern void WriteSDA(unsigned char state);
     20            extern void BitDelay(void);
     21            extern unsigned char SetSCLHigh(void);
     22                        
     23            void SendStopBit(void) {
     24                
     25                WriteSDA(0);
     26                BitDelay();
     27                SetSCLHigh();
     28                BitDelay();
     29                WriteSDA(1);
     30                BitDelay();
     31            }

Source file: c:\projects\at17c8515\sendstopbit.c
Errors: none
Warnings: none
Code size: 18
Constant size: 0
Static variable size: 0

