##############################################################################
#                                                                            #
# IAR AT90S C-Compiler V1.30A/WIN                                            #
#                                                                            #
#       Internal versions FE4.40D CO1.10K CG1.30A GL1.06I CD1.04A            #
#                         AF1.25A AB1.30A EB1.30A                            #
#                                                                            #
#       Compile time  =  21/Jan/1999  11:30:56                               #
#       Target option =  Max 64 KB data +   8 KB code (8515 4414...)         #
#       Memory model  =  small                                               #
#       Source file   =  c:\projects\at17c8515\timer1.c                      #
#       List file     =  c:\projects\at17c8515\release\list\timer1.lst       #
#       Object file   =  c:\projects\at17c8515\release\obj\timer1.r90        #
#       Command line  =  -v1 -ms -OC:\Projects\at17c8515\Release\Obj\ -e     #
#                        -gA -RCODE -LC:\Projects\at17c8515\Release\List\    #
#                        -t8 -IC:\IAR\EW21\A90\inc\ -z9 -K                   #
#                        C:\Projects\at17c8515\Timer1.c                      #
#                                                                            #
#                                             (c) Copyright IAR Systems 1997 #
##############################################################################

      1            // timer 1 timer
      2            
      3            #include "at17c.h"
      4            
      5            extern volatile unsigned char t1_timed_out;
      6                        
      7            interrupt [TIMER1_OVF1_vect] void TIMER1_OVF1_interrupt(void) {
      8                                   
      9                t1_timed_out = TRUE;
     10            
     11            }
     12                        
     13            

Source file: c:\projects\at17c8515\timer1.c
Errors: none
Warnings: none
Code size: 28
Constant size: 14
Static variable size: 0

