##############################################################################
#                                                                            #
# IAR AT90S C-Compiler V1.30A/WIN                                            #
#                                                                            #
#       Internal versions FE4.40D CO1.10K CG1.30A GL1.06I CD1.04A            #
#                         AF1.25A AB1.30A EB1.30A                            #
#                                                                            #
#       Compile time  =  21/Jan/1999  11:30:56                               #
#       Target option =  Max 64 KB data +   8 KB code (8515 4414...)         #
#       Memory model  =  small                                               #
#       Source file   =  c:\projects\at17c8515\verifyresetpolarity.c         #
#       List file     =  c:\projects\at17c8515\release\list\verifyresetpolarity.lst#
#       Object file   =  c:\projects\at17c8515\release\obj\verifyresetpolarity.r90#
#       Command line  =  -v1 -ms -OC:\Projects\at17c8515\Release\Obj\ -e     #
#                        -gA -RCODE -LC:\Projects\at17c8515\Release\List\    #
#                        -t8 -IC:\IAR\EW21\A90\inc\ -z9 -K                   #
#                        C:\Projects\at17c8515\VerifyResetPolarity.c         #
#                                                                            #
#                                             (c) Copyright IAR Systems 1997 #
##############################################################################

      1            // VerifyResetPolarity.c
      2            // 4 bytes are read from locations 0x20000 through 0x20003
      3            // The bytes are verified to be of all the same value. If they are then the value is returned.
      4            // return value = 0xff = active high reset and active low output enable.
      5            // return value = 0x00 = active low reset and active high output enable.
      6            // If they aren't then 0xaa is returned to signal an error condition.
      7            
      8            #include "at17c.h"
      9             
     10            extern void BitDelay(void);
     11            extern unsigned char SendByte(unsigned char byte, unsigned char order);
     12            extern unsigned char GetByte(unsigned char lastbyte);
     13            extern void SendStartBit(void);
     14            extern void SendStopBit(void);
     15            
     16            unsigned char VerifyResetPolarity(void) {
     17            
     18            unsigned char loc_1;
     19            unsigned char loc_2;
     20            unsigned char loc_3;
     21            unsigned char loc_4;
     22            unsigned char value;
     23            
     24                PORTB &= 0xfb; // bring SER_EN low
     25                BitDelay(); // for good measure
     26            
     27                SendStartBit();
     28                SendByte(AT17C010 + WRITE,MSB_FIRST);  // send device address byte
     29                SendByte(0x00,MSB_FIRST);              // 1st address byte ... most significant byte first
     30                SendByte(0x00,MSB_FIRST);              // 2nd address byte ... most significant byte first
     31                SendByte(0x02,MSB_FIRST);              // 3rd address byte ... most significant byte first
     32             
     33                SendStartBit();
     34                SendByte(AT17C010 + READ,MSB_FIRST);  // send device address byte with read
     35             
     36                loc_1 = GetByte(0);
     37                loc_2 = GetByte(0);
     38                loc_3 = GetByte(0);
     39                loc_4 = GetByte(1);
     40                SendStopBit();
     41            
     42                PORTB |= 0x04; // bring SER_EN high
     43                
     44                if ((loc_1 == loc_2) && (loc_2 == loc_3) && (loc_3 == loc_4))
     45                    value = loc_1; // valid reset/oe polarity
     46                else
     47                    value = 0xaa; // error
     48                    
     49                return(value);
     50                    
     51            }

Source file: c:\projects\at17c8515\verifyresetpolarity.c
Errors: none
Warnings: none
Code size: 90
Constant size: 0
Static variable size: 0

