##############################################################################
#                                                                            #
# IAR AT90S C-Compiler V1.30A/WIN                                            #
#                                                                            #
#       Internal versions FE4.40D CO1.10K CG1.30A GL1.06I CD1.04A            #
#                         AF1.25A AB1.30A EB1.30A                            #
#                                                                            #
#       Compile time  =  21/Jan/1999  11:30:58                               #
#       Target option =  Max 64 KB data +   8 KB code (8515 4414...)         #
#       Memory model  =  small                                               #
#       Source file   =  c:\projects\at17c8515\writescl.c                    #
#       List file     =  c:\projects\at17c8515\release\list\writescl.lst     #
#       Object file   =  c:\projects\at17c8515\release\obj\writescl.r90      #
#       Command line  =  -v1 -ms -OC:\Projects\at17c8515\Release\Obj\ -e     #
#                        -gA -RCODE -LC:\Projects\at17c8515\Release\List\    #
#                        -t8 -IC:\IAR\EW21\A90\inc\ -z9 -K                   #
#                        C:\Projects\at17c8515\WriteSCL.c                    #
#                                                                            #
#                                             (c) Copyright IAR Systems 1997 #
##############################################################################

      1            // WriteSCL.c
      2            
      3            #include "at17c.h"
      4             
      5            void WriteSCL(unsigned char state) {
      6            
      7                if (state)
      8                    DDRB &= 0xfd; // input ... pullup will pull high or slave will drive low
      9                else
     10                    DDRB |= 0x02; // output ... port latch will drive low
     11            
     12            }
     13            

Source file: c:\projects\at17c8515\writescl.c
Errors: none
Warnings: none
Code size: 12
Constant size: 0
Static variable size: 0

