# Xilinx CORE Generator 6.1i
# User = nauman
Initializing default project...
Loading plug-ins...
All runtime messages will be recorded in C:\testing_FROM\UART_Tx\coregen.log
# busformat=BusFormatAngleBracketNotRipped
# designflow=VHDL
# expandedprojectpath=C:\testing_FROM\UART_Tx
# flowvendor=Foundation_iSE
# formalverification=None
# simulationoutputproducts=VHDL
# xilinxfamily=Virtex2
# outputoption=DesignFlow
# overwritefiles=Default
# simvendor=ModelSim
# expandedprojectpath=C:\testing_FROM\UART_Tx
SETPROJECT .
Set current Project to C:\testing_FROM\UART_Tx
SET BusFormat = BusFormatAngleBracketNotRipped
SETXIPCPORTHOST 1100
XIPCPJSENDCORES spartan2
